Determining if the pthread_create exist failed with the following output:
Change Dir: /home/anil/rover_workspace/build/ublox_msgs/CMakeFiles/CMakeTmp

Run Build Command:/usr/bin/make "cmTryCompileExec1547999901/fast"
/usr/bin/make -f CMakeFiles/cmTryCompileExec1547999901.dir/build.make CMakeFiles/cmTryCompileExec1547999901.dir/build
make[1]: Entering directory `/home/anil/rover_workspace/build/ublox_msgs/CMakeFiles/CMakeTmp'
/usr/bin/cmake -E cmake_progress_report /home/anil/rover_workspace/build/ublox_msgs/CMakeFiles/CMakeTmp/CMakeFiles 1
Building C object CMakeFiles/cmTryCompileExec1547999901.dir/CheckSymbolExists.c.o
/usr/bin/cc    -o CMakeFiles/cmTryCompileExec1547999901.dir/CheckSymbolExists.c.o   -c /home/anil/rover_workspace/build/ublox_msgs/CMakeFiles/CMakeTmp/CheckSymbolExists.c
Linking C executable cmTryCompileExec1547999901
/usr/bin/cmake -E cmake_link_script CMakeFiles/cmTryCompileExec1547999901.dir/link.txt --verbose=1
/usr/bin/cc       CMakeFiles/cmTryCompileExec1547999901.dir/CheckSymbolExists.c.o  -o cmTryCompileExec1547999901 -rdynamic 
CMakeFiles/cmTryCompileExec1547999901.dir/CheckSymbolExists.c.o: In function `main':
CheckSymbolExists.c:(.text+0x16): undefined reference to `pthread_create'
collect2: error: ld returned 1 exit status
make[1]: *** [cmTryCompileExec1547999901] Error 1
make[1]: Leaving directory `/home/anil/rover_workspace/build/ublox_msgs/CMakeFiles/CMakeTmp'
make: *** [cmTryCompileExec1547999901/fast] Error 2

File /home/anil/rover_workspace/build/ublox_msgs/CMakeFiles/CMakeTmp/CheckSymbolExists.c:
/* */
#include <pthread.h>

int main(int argc, char** argv)
{
  (void)argv;
#ifndef pthread_create
  return ((int*)(&pthread_create))[argc];
#else
  (void)argc;
  return 0;
#endif
}

Determining if the function pthread_create exists in the pthreads failed with the following output:
Change Dir: /home/anil/rover_workspace/build/ublox_msgs/CMakeFiles/CMakeTmp

Run Build Command:/usr/bin/make "cmTryCompileExec891047597/fast"
/usr/bin/make -f CMakeFiles/cmTryCompileExec891047597.dir/build.make CMakeFiles/cmTryCompileExec891047597.dir/build
make[1]: Entering directory `/home/anil/rover_workspace/build/ublox_msgs/CMakeFiles/CMakeTmp'
/usr/bin/cmake -E cmake_progress_report /home/anil/rover_workspace/build/ublox_msgs/CMakeFiles/CMakeTmp/CMakeFiles 1
Building C object CMakeFiles/cmTryCompileExec891047597.dir/CheckFunctionExists.c.o
/usr/bin/cc   -DCHECK_FUNCTION_EXISTS=pthread_create   -o CMakeFiles/cmTryCompileExec891047597.dir/CheckFunctionExists.c.o   -c /usr/share/cmake-2.8/Modules/CheckFunctionExists.c
Linking C executable cmTryCompileExec891047597
/usr/bin/cmake -E cmake_link_script CMakeFiles/cmTryCompileExec891047597.dir/link.txt --verbose=1
/usr/bin/cc   -DCHECK_FUNCTION_EXISTS=pthread_create    CMakeFiles/cmTryCompileExec891047597.dir/CheckFunctionExists.c.o  -o cmTryCompileExec891047597 -rdynamic -lpthreads 
/usr/bin/ld: cannot find -lpthreads
collect2: error: ld returned 1 exit status
make[1]: Leaving directory `/home/anil/rover_workspace/build/ublox_msgs/CMakeFiles/CMakeTmp'
make[1]: *** [cmTryCompileExec891047597] Error 1
make: *** [cmTryCompileExec891047597/fast] Error 2


