Determining if the pthread_create exist failed with the following output:
Change Dir: /home/anil/rover_workspace/build/rqt_rover_gui/CMakeFiles/CMakeTmp

Run Build Command:/usr/bin/make "cmTryCompileExec2364874450/fast"
/usr/bin/make -f CMakeFiles/cmTryCompileExec2364874450.dir/build.make CMakeFiles/cmTryCompileExec2364874450.dir/build
make[1]: Entering directory `/home/anil/rover_workspace/build/rqt_rover_gui/CMakeFiles/CMakeTmp'
/usr/bin/cmake -E cmake_progress_report /home/anil/rover_workspace/build/rqt_rover_gui/CMakeFiles/CMakeTmp/CMakeFiles 1
Building C object CMakeFiles/cmTryCompileExec2364874450.dir/CheckSymbolExists.c.o
/usr/bin/cc    -o CMakeFiles/cmTryCompileExec2364874450.dir/CheckSymbolExists.c.o   -c /home/anil/rover_workspace/build/rqt_rover_gui/CMakeFiles/CMakeTmp/CheckSymbolExists.c
Linking C executable cmTryCompileExec2364874450
/usr/bin/cmake -E cmake_link_script CMakeFiles/cmTryCompileExec2364874450.dir/link.txt --verbose=1
/usr/bin/cc       CMakeFiles/cmTryCompileExec2364874450.dir/CheckSymbolExists.c.o  -o cmTryCompileExec2364874450 -rdynamic 
CMakeFiles/cmTryCompileExec2364874450.dir/CheckSymbolExists.c.o: In function `main':
CheckSymbolExists.c:(.text+0x16): undefined reference to `pthread_create'
collect2: error: ld returned 1 exit status
make[1]: *** [cmTryCompileExec2364874450] Error 1
make[1]: Leaving directory `/home/anil/rover_workspace/build/rqt_rover_gui/CMakeFiles/CMakeTmp'
make: *** [cmTryCompileExec2364874450/fast] Error 2

File /home/anil/rover_workspace/build/rqt_rover_gui/CMakeFiles/CMakeTmp/CheckSymbolExists.c:
/* */
#include <pthread.h>

int main(int argc, char** argv)
{
  (void)argv;
#ifndef pthread_create
  return ((int*)(&pthread_create))[argc];
#else
  (void)argc;
  return 0;
#endif
}

Determining if the function pthread_create exists in the pthreads failed with the following output:
Change Dir: /home/anil/rover_workspace/build/rqt_rover_gui/CMakeFiles/CMakeTmp

Run Build Command:/usr/bin/make "cmTryCompileExec849409682/fast"
/usr/bin/make -f CMakeFiles/cmTryCompileExec849409682.dir/build.make CMakeFiles/cmTryCompileExec849409682.dir/build
make[1]: Entering directory `/home/anil/rover_workspace/build/rqt_rover_gui/CMakeFiles/CMakeTmp'
/usr/bin/cmake -E cmake_progress_report /home/anil/rover_workspace/build/rqt_rover_gui/CMakeFiles/CMakeTmp/CMakeFiles 1
Building C object CMakeFiles/cmTryCompileExec849409682.dir/CheckFunctionExists.c.o
/usr/bin/cc   -DCHECK_FUNCTION_EXISTS=pthread_create   -o CMakeFiles/cmTryCompileExec849409682.dir/CheckFunctionExists.c.o   -c /usr/share/cmake-2.8/Modules/CheckFunctionExists.c
Linking C executable cmTryCompileExec849409682
/usr/bin/cmake -E cmake_link_script CMakeFiles/cmTryCompileExec849409682.dir/link.txt --verbose=1
/usr/bin/cc   -DCHECK_FUNCTION_EXISTS=pthread_create    CMakeFiles/cmTryCompileExec849409682.dir/CheckFunctionExists.c.o  -o cmTryCompileExec849409682 -rdynamic -lpthreads 
/usr/bin/ld: cannot find -lpthreads
collect2: error: ld returned 1 exit status
make[1]: *** [cmTryCompileExec849409682] Error 1
make[1]: Leaving directory `/home/anil/rover_workspace/build/rqt_rover_gui/CMakeFiles/CMakeTmp'
make: *** [cmTryCompileExec849409682/fast] Error 2


Determining if the Q_WS_WIN exist failed with the following output:
Change Dir: /home/anil/rover_workspace/build/rqt_rover_gui/CMakeFiles/CMakeTmp

Run Build Command:/usr/bin/make "cmTryCompileExec2837473416/fast"
/usr/bin/make -f CMakeFiles/cmTryCompileExec2837473416.dir/build.make CMakeFiles/cmTryCompileExec2837473416.dir/build
make[1]: Entering directory `/home/anil/rover_workspace/build/rqt_rover_gui/CMakeFiles/CMakeTmp'
/usr/bin/cmake -E cmake_progress_report /home/anil/rover_workspace/build/rqt_rover_gui/CMakeFiles/CMakeTmp/CMakeFiles 1
Building CXX object CMakeFiles/cmTryCompileExec2837473416.dir/CheckSymbolExists.cxx.o
/usr/bin/c++    -std=c++0x   -I/usr/include/qt4    -o CMakeFiles/cmTryCompileExec2837473416.dir/CheckSymbolExists.cxx.o -c /home/anil/rover_workspace/build/rqt_rover_gui/CMakeFiles/CMakeTmp/CheckSymbolExists.cxx
/home/anil/rover_workspace/build/rqt_rover_gui/CMakeFiles/CMakeTmp/CheckSymbolExists.cxx: In function ‘int main(int, char**)’:
/home/anil/rover_workspace/build/rqt_rover_gui/CMakeFiles/CMakeTmp/CheckSymbolExists.cxx:8:19: error: ‘Q_WS_WIN’ was not declared in this scope
   return ((int*)(&Q_WS_WIN))[argc];
                   ^
make[1]: *** [CMakeFiles/cmTryCompileExec2837473416.dir/CheckSymbolExists.cxx.o] Error 1
make[1]: Leaving directory `/home/anil/rover_workspace/build/rqt_rover_gui/CMakeFiles/CMakeTmp'
make: *** [cmTryCompileExec2837473416/fast] Error 2

File /home/anil/rover_workspace/build/rqt_rover_gui/CMakeFiles/CMakeTmp/CheckSymbolExists.cxx:
/* */
#include <QtCore/qglobal.h>

int main(int argc, char** argv)
{
  (void)argv;
#ifndef Q_WS_WIN
  return ((int*)(&Q_WS_WIN))[argc];
#else
  (void)argc;
  return 0;
#endif
}

Determining if the Q_WS_QWS exist failed with the following output:
Change Dir: /home/anil/rover_workspace/build/rqt_rover_gui/CMakeFiles/CMakeTmp

Run Build Command:/usr/bin/make "cmTryCompileExec705559938/fast"
/usr/bin/make -f CMakeFiles/cmTryCompileExec705559938.dir/build.make CMakeFiles/cmTryCompileExec705559938.dir/build
make[1]: Entering directory `/home/anil/rover_workspace/build/rqt_rover_gui/CMakeFiles/CMakeTmp'
/usr/bin/cmake -E cmake_progress_report /home/anil/rover_workspace/build/rqt_rover_gui/CMakeFiles/CMakeTmp/CMakeFiles 1
Building CXX object CMakeFiles/cmTryCompileExec705559938.dir/CheckSymbolExists.cxx.o
/usr/bin/c++    -std=c++0x   -I/usr/include/qt4    -o CMakeFiles/cmTryCompileExec705559938.dir/CheckSymbolExists.cxx.o -c /home/anil/rover_workspace/build/rqt_rover_gui/CMakeFiles/CMakeTmp/CheckSymbolExists.cxx
/home/anil/rover_workspace/build/rqt_rover_gui/CMakeFiles/CMakeTmp/CheckSymbolExists.cxx: In function ‘int main(int, char**)’:
/home/anil/rover_workspace/build/rqt_rover_gui/CMakeFiles/CMakeTmp/CheckSymbolExists.cxx:8:19: error: ‘Q_WS_QWS’ was not declared in this scope
   return ((int*)(&Q_WS_QWS))[argc];
                   ^
make[1]: *** [CMakeFiles/cmTryCompileExec705559938.dir/CheckSymbolExists.cxx.o] Error 1
make[1]: Leaving directory `/home/anil/rover_workspace/build/rqt_rover_gui/CMakeFiles/CMakeTmp'
make: *** [cmTryCompileExec705559938/fast] Error 2

File /home/anil/rover_workspace/build/rqt_rover_gui/CMakeFiles/CMakeTmp/CheckSymbolExists.cxx:
/* */
#include <QtCore/qglobal.h>

int main(int argc, char** argv)
{
  (void)argv;
#ifndef Q_WS_QWS
  return ((int*)(&Q_WS_QWS))[argc];
#else
  (void)argc;
  return 0;
#endif
}

Determining if the Q_WS_MAC exist failed with the following output:
Change Dir: /home/anil/rover_workspace/build/rqt_rover_gui/CMakeFiles/CMakeTmp

Run Build Command:/usr/bin/make "cmTryCompileExec3526175428/fast"
/usr/bin/make -f CMakeFiles/cmTryCompileExec3526175428.dir/build.make CMakeFiles/cmTryCompileExec3526175428.dir/build
make[1]: Entering directory `/home/anil/rover_workspace/build/rqt_rover_gui/CMakeFiles/CMakeTmp'
/usr/bin/cmake -E cmake_progress_report /home/anil/rover_workspace/build/rqt_rover_gui/CMakeFiles/CMakeTmp/CMakeFiles 1
Building CXX object CMakeFiles/cmTryCompileExec3526175428.dir/CheckSymbolExists.cxx.o
/usr/bin/c++    -std=c++0x   -I/usr/include/qt4    -o CMakeFiles/cmTryCompileExec3526175428.dir/CheckSymbolExists.cxx.o -c /home/anil/rover_workspace/build/rqt_rover_gui/CMakeFiles/CMakeTmp/CheckSymbolExists.cxx
/home/anil/rover_workspace/build/rqt_rover_gui/CMakeFiles/CMakeTmp/CheckSymbolExists.cxx: In function ‘int main(int, char**)’:
/home/anil/rover_workspace/build/rqt_rover_gui/CMakeFiles/CMakeTmp/CheckSymbolExists.cxx:8:19: error: ‘Q_WS_MAC’ was not declared in this scope
   return ((int*)(&Q_WS_MAC))[argc];
                   ^
make[1]: Leaving directory `/home/anil/rover_workspace/build/rqt_rover_gui/CMakeFiles/CMakeTmp'
make[1]: *** [CMakeFiles/cmTryCompileExec3526175428.dir/CheckSymbolExists.cxx.o] Error 1
make: *** [cmTryCompileExec3526175428/fast] Error 2

File /home/anil/rover_workspace/build/rqt_rover_gui/CMakeFiles/CMakeTmp/CheckSymbolExists.cxx:
/* */
#include <QtCore/qglobal.h>

int main(int argc, char** argv)
{
  (void)argv;
#ifndef Q_WS_MAC
  return ((int*)(&Q_WS_MAC))[argc];
#else
  (void)argc;
  return 0;
#endif
}

