Determining if the pthread_create exist failed with the following output:
Change Dir: /home/anil/rover_workspace/build/gazebo_plugins/CMakeFiles/CMakeTmp

Run Build Command:/usr/bin/make "cmTryCompileExec36232511/fast"
/usr/bin/make -f CMakeFiles/cmTryCompileExec36232511.dir/build.make CMakeFiles/cmTryCompileExec36232511.dir/build
make[1]: Entering directory `/home/anil/rover_workspace/build/gazebo_plugins/CMakeFiles/CMakeTmp'
/usr/bin/cmake -E cmake_progress_report /home/anil/rover_workspace/build/gazebo_plugins/CMakeFiles/CMakeTmp/CMakeFiles 1
Building C object CMakeFiles/cmTryCompileExec36232511.dir/CheckSymbolExists.c.o
/usr/bin/cc    -o CMakeFiles/cmTryCompileExec36232511.dir/CheckSymbolExists.c.o   -c /home/anil/rover_workspace/build/gazebo_plugins/CMakeFiles/CMakeTmp/CheckSymbolExists.c
Linking C executable cmTryCompileExec36232511
/usr/bin/cmake -E cmake_link_script CMakeFiles/cmTryCompileExec36232511.dir/link.txt --verbose=1
/usr/bin/cc       CMakeFiles/cmTryCompileExec36232511.dir/CheckSymbolExists.c.o  -o cmTryCompileExec36232511 -rdynamic 
CMakeFiles/cmTryCompileExec36232511.dir/CheckSymbolExists.c.o: In function `main':
CheckSymbolExists.c:(.text+0x16): undefined reference to `pthread_create'
collect2: error: ld returned 1 exit status
make[1]: Leaving directory `/home/anil/rover_workspace/build/gazebo_plugins/CMakeFiles/CMakeTmp'
make[1]: *** [cmTryCompileExec36232511] Error 1
make: *** [cmTryCompileExec36232511/fast] Error 2

File /home/anil/rover_workspace/build/gazebo_plugins/CMakeFiles/CMakeTmp/CheckSymbolExists.c:
/* */
#include <pthread.h>

int main(int argc, char** argv)
{
  (void)argv;
#ifndef pthread_create
  return ((int*)(&pthread_create))[argc];
#else
  (void)argc;
  return 0;
#endif
}

Determining if the function pthread_create exists in the pthreads failed with the following output:
Change Dir: /home/anil/rover_workspace/build/gazebo_plugins/CMakeFiles/CMakeTmp

Run Build Command:/usr/bin/make "cmTryCompileExec1202179863/fast"
/usr/bin/make -f CMakeFiles/cmTryCompileExec1202179863.dir/build.make CMakeFiles/cmTryCompileExec1202179863.dir/build
make[1]: Entering directory `/home/anil/rover_workspace/build/gazebo_plugins/CMakeFiles/CMakeTmp'
/usr/bin/cmake -E cmake_progress_report /home/anil/rover_workspace/build/gazebo_plugins/CMakeFiles/CMakeTmp/CMakeFiles 1
Building C object CMakeFiles/cmTryCompileExec1202179863.dir/CheckFunctionExists.c.o
/usr/bin/cc   -DCHECK_FUNCTION_EXISTS=pthread_create   -o CMakeFiles/cmTryCompileExec1202179863.dir/CheckFunctionExists.c.o   -c /usr/share/cmake-2.8/Modules/CheckFunctionExists.c
Linking C executable cmTryCompileExec1202179863
/usr/bin/cmake -E cmake_link_script CMakeFiles/cmTryCompileExec1202179863.dir/link.txt --verbose=1
/usr/bin/cc   -DCHECK_FUNCTION_EXISTS=pthread_create    CMakeFiles/cmTryCompileExec1202179863.dir/CheckFunctionExists.c.o  -o cmTryCompileExec1202179863 -rdynamic -lpthreads 
/usr/bin/ld: cannot find -lpthreads
collect2: error: ld returned 1 exit status
make[1]: Leaving directory `/home/anil/rover_workspace/build/gazebo_plugins/CMakeFiles/CMakeTmp'
make[1]: *** [cmTryCompileExec1202179863] Error 1
make: *** [cmTryCompileExec1202179863/fast] Error 2


