Determining if the pthread_create exist failed with the following output:
Change Dir: /home/anil/rover_workspace/build/obstacle_detection/CMakeFiles/CMakeTmp

Run Build Command:/usr/bin/make "cmTryCompileExec3873156230/fast"
/usr/bin/make -f CMakeFiles/cmTryCompileExec3873156230.dir/build.make CMakeFiles/cmTryCompileExec3873156230.dir/build
make[1]: Entering directory `/home/anil/rover_workspace/build/obstacle_detection/CMakeFiles/CMakeTmp'
/usr/bin/cmake -E cmake_progress_report /home/anil/rover_workspace/build/obstacle_detection/CMakeFiles/CMakeTmp/CMakeFiles 1
Building C object CMakeFiles/cmTryCompileExec3873156230.dir/CheckSymbolExists.c.o
/usr/bin/cc    -o CMakeFiles/cmTryCompileExec3873156230.dir/CheckSymbolExists.c.o   -c /home/anil/rover_workspace/build/obstacle_detection/CMakeFiles/CMakeTmp/CheckSymbolExists.c
Linking C executable cmTryCompileExec3873156230
/usr/bin/cmake -E cmake_link_script CMakeFiles/cmTryCompileExec3873156230.dir/link.txt --verbose=1
/usr/bin/cc       CMakeFiles/cmTryCompileExec3873156230.dir/CheckSymbolExists.c.o  -o cmTryCompileExec3873156230 -rdynamic 
CMakeFiles/cmTryCompileExec3873156230.dir/CheckSymbolExists.c.o: In function `main':
CheckSymbolExists.c:(.text+0x16): undefined reference to `pthread_create'
collect2: error: ld returned 1 exit status
make[1]: Leaving directory `/home/anil/rover_workspace/build/obstacle_detection/CMakeFiles/CMakeTmp'
make[1]: *** [cmTryCompileExec3873156230] Error 1
make: *** [cmTryCompileExec3873156230/fast] Error 2

File /home/anil/rover_workspace/build/obstacle_detection/CMakeFiles/CMakeTmp/CheckSymbolExists.c:
/* */
#include <pthread.h>

int main(int argc, char** argv)
{
  (void)argv;
#ifndef pthread_create
  return ((int*)(&pthread_create))[argc];
#else
  (void)argc;
  return 0;
#endif
}

Determining if the function pthread_create exists in the pthreads failed with the following output:
Change Dir: /home/anil/rover_workspace/build/obstacle_detection/CMakeFiles/CMakeTmp

Run Build Command:/usr/bin/make "cmTryCompileExec3138340419/fast"
/usr/bin/make -f CMakeFiles/cmTryCompileExec3138340419.dir/build.make CMakeFiles/cmTryCompileExec3138340419.dir/build
make[1]: Entering directory `/home/anil/rover_workspace/build/obstacle_detection/CMakeFiles/CMakeTmp'
/usr/bin/cmake -E cmake_progress_report /home/anil/rover_workspace/build/obstacle_detection/CMakeFiles/CMakeTmp/CMakeFiles 1
Building C object CMakeFiles/cmTryCompileExec3138340419.dir/CheckFunctionExists.c.o
/usr/bin/cc   -DCHECK_FUNCTION_EXISTS=pthread_create   -o CMakeFiles/cmTryCompileExec3138340419.dir/CheckFunctionExists.c.o   -c /usr/share/cmake-2.8/Modules/CheckFunctionExists.c
Linking C executable cmTryCompileExec3138340419
/usr/bin/cmake -E cmake_link_script CMakeFiles/cmTryCompileExec3138340419.dir/link.txt --verbose=1
/usr/bin/cc   -DCHECK_FUNCTION_EXISTS=pthread_create    CMakeFiles/cmTryCompileExec3138340419.dir/CheckFunctionExists.c.o  -o cmTryCompileExec3138340419 -rdynamic -lpthreads 
/usr/bin/ld: cannot find -lpthreads
collect2: error: ld returned 1 exit status
make[1]: Leaving directory `/home/anil/rover_workspace/build/obstacle_detection/CMakeFiles/CMakeTmp'
make[1]: *** [cmTryCompileExec3138340419] Error 1
make: *** [cmTryCompileExec3138340419/fast] Error 2


