Determining if the pthread_create exist failed with the following output:
Change Dir: /home/anil/rover_workspace/build/ublox_serialization/CMakeFiles/CMakeTmp

Run Build Command:/usr/bin/make "cmTryCompileExec3929537668/fast"
/usr/bin/make -f CMakeFiles/cmTryCompileExec3929537668.dir/build.make CMakeFiles/cmTryCompileExec3929537668.dir/build
make[1]: Entering directory `/home/anil/rover_workspace/build/ublox_serialization/CMakeFiles/CMakeTmp'
/usr/bin/cmake -E cmake_progress_report /home/anil/rover_workspace/build/ublox_serialization/CMakeFiles/CMakeTmp/CMakeFiles 1
Building C object CMakeFiles/cmTryCompileExec3929537668.dir/CheckSymbolExists.c.o
/usr/bin/cc    -o CMakeFiles/cmTryCompileExec3929537668.dir/CheckSymbolExists.c.o   -c /home/anil/rover_workspace/build/ublox_serialization/CMakeFiles/CMakeTmp/CheckSymbolExists.c
Linking C executable cmTryCompileExec3929537668
/usr/bin/cmake -E cmake_link_script CMakeFiles/cmTryCompileExec3929537668.dir/link.txt --verbose=1
/usr/bin/cc       CMakeFiles/cmTryCompileExec3929537668.dir/CheckSymbolExists.c.o  -o cmTryCompileExec3929537668 -rdynamic 
CMakeFiles/cmTryCompileExec3929537668.dir/CheckSymbolExists.c.o: In function `main':
CheckSymbolExists.c:(.text+0x16): undefined reference to `pthread_create'
collect2: error: ld returned 1 exit status
make[1]: Leaving directory `/home/anil/rover_workspace/build/ublox_serialization/CMakeFiles/CMakeTmp'
make[1]: *** [cmTryCompileExec3929537668] Error 1
make: *** [cmTryCompileExec3929537668/fast] Error 2

File /home/anil/rover_workspace/build/ublox_serialization/CMakeFiles/CMakeTmp/CheckSymbolExists.c:
/* */
#include <pthread.h>

int main(int argc, char** argv)
{
  (void)argv;
#ifndef pthread_create
  return ((int*)(&pthread_create))[argc];
#else
  (void)argc;
  return 0;
#endif
}

Determining if the function pthread_create exists in the pthreads failed with the following output:
Change Dir: /home/anil/rover_workspace/build/ublox_serialization/CMakeFiles/CMakeTmp

Run Build Command:/usr/bin/make "cmTryCompileExec719792061/fast"
/usr/bin/make -f CMakeFiles/cmTryCompileExec719792061.dir/build.make CMakeFiles/cmTryCompileExec719792061.dir/build
make[1]: Entering directory `/home/anil/rover_workspace/build/ublox_serialization/CMakeFiles/CMakeTmp'
/usr/bin/cmake -E cmake_progress_report /home/anil/rover_workspace/build/ublox_serialization/CMakeFiles/CMakeTmp/CMakeFiles 1
Building C object CMakeFiles/cmTryCompileExec719792061.dir/CheckFunctionExists.c.o
/usr/bin/cc   -DCHECK_FUNCTION_EXISTS=pthread_create   -o CMakeFiles/cmTryCompileExec719792061.dir/CheckFunctionExists.c.o   -c /usr/share/cmake-2.8/Modules/CheckFunctionExists.c
Linking C executable cmTryCompileExec719792061
/usr/bin/cmake -E cmake_link_script CMakeFiles/cmTryCompileExec719792061.dir/link.txt --verbose=1
/usr/bin/cc   -DCHECK_FUNCTION_EXISTS=pthread_create    CMakeFiles/cmTryCompileExec719792061.dir/CheckFunctionExists.c.o  -o cmTryCompileExec719792061 -rdynamic -lpthreads 
/usr/bin/ld: cannot find -lpthreads
collect2: error: ld returned 1 exit status
make[1]: Leaving directory `/home/anil/rover_workspace/build/ublox_serialization/CMakeFiles/CMakeTmp'
make[1]: *** [cmTryCompileExec719792061] Error 1
make: *** [cmTryCompileExec719792061/fast] Error 2


